Unity Editor version:    2020.3.22f1 (e1a7f79fd887)
Branch:                  2020.3/staging
Build type:              Release
Batch mode:              YES
macOS version:           Version 11.6 (Build 20G165)
Darwin version:          20.6.0
Architecture:            x86_64
Running under Rosetta:   NO
Available memory:        8192 MB
Using pre-set license
Pro License: NO

COMMAND LINE ARGUMENTS:
/Applications/Unity/Hub/Editor/2020.3.22f1/Unity.app/Contents/MacOS/Unity
-adb2
-batchMode
-noUpm
-name
AssetImportWorker2
-projectPath
/Users/joeysteigelman/Desktop/Code/Unity/js-quiz-game
-logFile
Logs/AssetImportWorker2.log
-srvPort
59497
Successfully changed project path to: /Users/joeysteigelman/Desktop/Code/Unity/js-quiz-game
/Users/joeysteigelman/Desktop/Code/Unity/js-quiz-game
Using Asset Import Pipeline V2.
Refreshing native plugins compatible for Editor in 120.86 ms, found 3 plugins.
Preloading 0 native plugins for Editor in 0.00 ms.
Initialize engine version: 2020.3.22f1 (e1a7f79fd887)
[Subsystems] Discovering subsystems at path /Applications/Unity/Hub/Editor/2020.3.22f1/Unity.app/Contents/Resources/UnitySubsystems
[Subsystems] Discovering subsystems at path /Users/joeysteigelman/Desktop/Code/Unity/js-quiz-game/Assets
GfxDevice: creating device client; threaded=0
2022-01-05 15:26:56.772 Unity[28793:1162949] Color LCD preferred device: Intel(R) HD Graphics 515 (low power)
2022-01-05 15:26:56.772 Unity[28793:1162949] Metal devices available: 1
2022-01-05 15:26:56.772 Unity[28793:1162949] 0: Intel(R) HD Graphics 515 (low power)
2022-01-05 15:26:56.772 Unity[28793:1162949] Using device Intel(R) HD Graphics 515 (low power)
Initializing Metal device caps: Intel(R) HD Graphics 515
Initialize mono
Mono path[0] = '/Applications/Unity/Hub/Editor/2020.3.22f1/Unity.app/Contents/Managed'
Mono path[1] = '/Applications/Unity/Hub/Editor/2020.3.22f1/Unity.app/Contents/MonoBleedingEdge/lib/mono/unityjit'
Mono config path = '/Applications/Unity/Hub/Editor/2020.3.22f1/Unity.app/Contents/MonoBleedingEdge/etc'
Using monoOptions --debugger-agent=transport=dt_socket,embedding=1,server=y,suspend=n,address=127.0.0.1:56793
Begin MonoManager ReloadAssembly
Registering precompiled unity dll's ...
Register platform support module: /Applications/Unity/Hub/Editor/2020.3.22f1/PlaybackEngines/WebGLSupport/UnityEditor.WebGL.Extensions.dll
Register platform support module: /Applications/Unity/Hub/Editor/2020.3.22f1/Unity.app/Contents/PlaybackEngines/MacStandaloneSupport/UnityEditor.OSXStandalone.Extensions.dll
Registered in 0.005474 seconds.
Native extension for OSXStandalone target not found
Native extension for WebGL target not found
Refreshing native plugins compatible for Editor in 115.14 ms, found 3 plugins.
Preloading 0 native plugins for Editor in 0.00 ms.
Mono: successfully reloaded assembly
- Completed reload, in  5.702 seconds
Domain Reload Profiling:
	ReloadAssembly (5702ms)
		BeginReloadAssembly (99ms)
			ExecutionOrderSort (0ms)
			DisableScriptedObjects (0ms)
			BackupInstance (0ms)
			ReleaseScriptingObjects (0ms)
			CreateAndSetChildDomain (3ms)
		EndReloadAssembly (1431ms)
			LoadAssemblies (116ms)
			RebuildTransferFunctionScriptingTraits (0ms)
			SetupTypeCache (529ms)
			ReleaseScriptCaches (0ms)
			RebuildScriptCaches (113ms)
			SetupLoadedEditorAssemblies (532ms)
				LogAssemblyErrors (0ms)
				InitializePlatformSupportModulesInManaged (11ms)
				SetLoadedEditorAssemblies (1ms)
				RefreshPlugins (115ms)
				BeforeProcessingInitializeOnLoad (25ms)
				ProcessInitializeOnLoadAttributes (298ms)
				ProcessInitializeOnLoadMethodAttributes (80ms)
				AfterProcessingInitializeOnLoad (0ms)
				EditorAssembliesLoaded (1ms)
			ExecutionOrderSort2 (0ms)
			AwakeInstancesAfterBackupRestoration (0ms)
Platform modules already initialized, skipping
Registering precompiled user dll's ...
Registered in 0.011300 seconds.
Begin MonoManager ReloadAssembly
Native extension for OSXStandalone target not found
Native extension for WebGL target not found
Refreshing native plugins compatible for Editor in 86.86 ms, found 3 plugins.
Preloading 0 native plugins for Editor in 0.00 ms.
Mono: successfully reloaded assembly
- Completed reload, in  3.268 seconds
Domain Reload Profiling:
	ReloadAssembly (3271ms)
		BeginReloadAssembly (416ms)
			ExecutionOrderSort (0ms)
			DisableScriptedObjects (12ms)
			BackupInstance (0ms)
			ReleaseScriptingObjects (0ms)
			CreateAndSetChildDomain (82ms)
		EndReloadAssembly (2702ms)
			LoadAssemblies (519ms)
			RebuildTransferFunctionScriptingTraits (0ms)
			SetupTypeCache (877ms)
			ReleaseScriptCaches (1ms)
			RebuildScriptCaches (141ms)
			SetupLoadedEditorAssemblies (875ms)
				LogAssemblyErrors (0ms)
				InitializePlatformSupportModulesInManaged (10ms)
				SetLoadedEditorAssemblies (1ms)
				RefreshPlugins (87ms)
				BeforeProcessingInitializeOnLoad (133ms)
				ProcessInitializeOnLoadAttributes (593ms)
				ProcessInitializeOnLoadMethodAttributes (48ms)
				AfterProcessingInitializeOnLoad (3ms)
				EditorAssembliesLoaded (0ms)
			ExecutionOrderSort2 (0ms)
			AwakeInstancesAfterBackupRestoration (14ms)
Platform modules already initialized, skipping
Validating Project structure ... 0.001911 seconds.
Shader import version has changed; will reimport all shaders...
Upgrading shader files ...0.035269 seconds.
Application.AssetDatabase Initial Script Refresh Start
RefreshInfo: InitialScriptRefreshV2(NoUpdateAssetOptions) scanfilter:  ... 1 filters
RefreshProfiler: Total: 0.000ms
Application.AssetDatabase Initial Script Refresh End
Application.AssetDatabase.Refresh Start
Application.AssetDatabase.Refresh End
RefreshInfo: StopAssetImportingV2(ForceSynchronousImport) scanfilter: 
RefreshProfiler: Total: 0.000ms
Launching external process: /Applications/Unity/Hub/Editor/2020.3.22f1/Unity.app/Contents/Tools/UnityShaderCompiler
Launched and connected shader compiler UnityShaderCompiler after 0.05 seconds
Initializing Unity extensions:
========================================================================
Worker process is ready to serve import requests
Refreshing native plugins compatible for Editor in 0.68 ms, found 3 plugins.
Preloading 0 native plugins for Editor in 0.00 ms.
Unloading 2202 Unused Serialized files (Serialized files now loaded: 0)
System memory in use before: 202.1 MB.
System memory in use after: 201.4 MB.

Unloading 106 unused Assets to reduce memory usage. Loaded Objects now: 2675.
Total: 10.231908 ms (FindLiveObjects: 0.530174 ms CreateObjectMapping: 0.286582 ms MarkObjects: 7.630949 ms  DeleteObjects: 1.781811 ms)

AssetImportParameters requested are different than current active one (requested -> active):
  custom:video-decoder-ogg-theora: a1e56fd34408186e4bbccfd4996cb3dc -> 
  custom:container-muxer-webm: aa71ff27fc2769a1b78a27578f13a17b -> 
  custom:container-demuxer-webm: 4f35f7cbe854078d1ac9338744f61a02 -> 
  custom:container-demuxer-ogg: 62fdf1f143b41e24485cea50d1cbac27 -> 
  custom:video-encoder-webm-vp8: eb34c28f22e8b96e1ab97ce403110664 -> 
  custom:framework-osx-AVFoundation: e770b220cccbd017edd2c1fefb359320 -> 
  custom:video-decoder-webm-vp8: 9c59270c3fd7afecdb556c50c9e8de78 -> 
  custom:audio-decoder-ogg-vorbis: bf7c407c2cedff20999df2af8eb42d56 -> 
  custom:audio-encoder-webm-vorbis: bf7c407c2cedff20999df2af8eb42d56 -> 
========================================================================
Received Import Request.
  path: Assets/Sprites/gameoverBackground 1.png
  artifactKey: Guid(d54f7e4d4a00044cbaaf033e9927d77e) Importer(815301076,1909f56bfc062723c751e8b465ee728b)
Start importing Assets/Sprites/gameoverBackground 1.png using Guid(d54f7e4d4a00044cbaaf033e9927d77e) Importer(815301076,1909f56bfc062723c751e8b465ee728b)  -> (artifact id: '5f5362a902956b2dcb610d393fa9dae4') in 2.589505 seconds 
  Import took 2.616654 seconds .

========================================================================
Received Import Request.
  Time since last request: 0.039762 seconds.
  path: Assets/Sprites/playButton.png
  artifactKey: Guid(8a6930be202b54235a25a6ef6fb36429) Importer(815301076,1909f56bfc062723c751e8b465ee728b)
Start importing Assets/Sprites/playButton.png using Guid(8a6930be202b54235a25a6ef6fb36429) Importer(815301076,1909f56bfc062723c751e8b465ee728b)  -> (artifact id: 'eace717a7a93713bfabb6bdbf893783e') in 0.067136 seconds 
  Import took 0.093721 seconds .

========================================================================
Received Import Request.
  Time since last request: 0.000426 seconds.
  path: Assets/Sprites/playBackground.png
  artifactKey: Guid(1dbea6c73474b421daa6e3c1a4ee961c) Importer(815301076,1909f56bfc062723c751e8b465ee728b)
Start importing Assets/Sprites/playBackground.png using Guid(1dbea6c73474b421daa6e3c1a4ee961c) Importer(815301076,1909f56bfc062723c751e8b465ee728b)  -> (artifact id: '25f159748ba43a699ec9c60601a3179f') in 0.052281 seconds 
  Import took 0.063709 seconds .

========================================================================
Received Import Request.
  Time since last request: 0.001947 seconds.
  path: Assets/Sprites/scoreTriangle.png
  artifactKey: Guid(0351dc0b29461423292b91999e81ca80) Importer(815301076,1909f56bfc062723c751e8b465ee728b)
Start importing Assets/Sprites/scoreTriangle.png using Guid(0351dc0b29461423292b91999e81ca80) Importer(815301076,1909f56bfc062723c751e8b465ee728b)  -> (artifact id: '212761fee6203b1c58e9d26059b86726') in 0.063388 seconds 
  Import took 0.076225 seconds .

========================================================================
Received Import Request.
  Time since last request: 93.747743 seconds.
  path: Assets/Sprites/playButton.png
  artifactKey: Guid(8a6930be202b54235a25a6ef6fb36429) Importer(815301076,1909f56bfc062723c751e8b465ee728b)
Start importing Assets/Sprites/playButton.png using Guid(8a6930be202b54235a25a6ef6fb36429) Importer(815301076,1909f56bfc062723c751e8b465ee728b)  -> (artifact id: '8fd4ab7af815eca48afd893bf9bf370d') in 0.055161 seconds 
  Import took 0.069240 seconds .

