Unity Editor version:    2020.3.22f1 (e1a7f79fd887)
Branch:                  2020.3/staging
Build type:              Release
Batch mode:              YES
macOS version:           Version 11.6 (Build 20G165)
Darwin version:          20.6.0
Architecture:            x86_64
Running under Rosetta:   NO
Available memory:        8192 MB
Using pre-set license
Pro License: NO

COMMAND LINE ARGUMENTS:
/Applications/Unity/Hub/Editor/2020.3.22f1/Unity.app/Contents/MacOS/Unity
-adb2
-batchMode
-noUpm
-name
AssetImportWorker0
-projectPath
/Users/joeysteigelman/Desktop/Code/Unity/JavaScript Quiz
-logFile
Logs/AssetImportWorker0.log
-srvPort
53734
Successfully changed project path to: /Users/joeysteigelman/Desktop/Code/Unity/JavaScript Quiz
/Users/joeysteigelman/Desktop/Code/Unity/JavaScript Quiz
Using Asset Import Pipeline V2.
Refreshing native plugins compatible for Editor in 125.20 ms, found 3 plugins.
Preloading 0 native plugins for Editor in 0.00 ms.
Initialize engine version: 2020.3.22f1 (e1a7f79fd887)
[Subsystems] Discovering subsystems at path /Applications/Unity/Hub/Editor/2020.3.22f1/Unity.app/Contents/Resources/UnitySubsystems
[Subsystems] Discovering subsystems at path /Users/joeysteigelman/Desktop/Code/Unity/JavaScript Quiz/Assets
GfxDevice: creating device client; threaded=0
2022-01-03 17:08:42.655 Unity[4543:176221] Color LCD preferred device: Intel(R) HD Graphics 515 (low power)
2022-01-03 17:08:42.655 Unity[4543:176221] Metal devices available: 1
2022-01-03 17:08:42.655 Unity[4543:176221] 0: Intel(R) HD Graphics 515 (low power)
2022-01-03 17:08:42.656 Unity[4543:176221] Using device Intel(R) HD Graphics 515 (low power)
Initializing Metal device caps: Intel(R) HD Graphics 515
Initialize mono
Mono path[0] = '/Applications/Unity/Hub/Editor/2020.3.22f1/Unity.app/Contents/Managed'
Mono path[1] = '/Applications/Unity/Hub/Editor/2020.3.22f1/Unity.app/Contents/MonoBleedingEdge/lib/mono/unityjit'
Mono config path = '/Applications/Unity/Hub/Editor/2020.3.22f1/Unity.app/Contents/MonoBleedingEdge/etc'
Using monoOptions --debugger-agent=transport=dt_socket,embedding=1,server=y,suspend=n,address=127.0.0.1:56543
Begin MonoManager ReloadAssembly
Registering precompiled unity dll's ...
Register platform support module: /Applications/Unity/Hub/Editor/2020.3.22f1/PlaybackEngines/WebGLSupport/UnityEditor.WebGL.Extensions.dll
Register platform support module: /Applications/Unity/Hub/Editor/2020.3.22f1/Unity.app/Contents/PlaybackEngines/MacStandaloneSupport/UnityEditor.OSXStandalone.Extensions.dll
Registered in 0.006911 seconds.
Native extension for OSXStandalone target not found
Native extension for WebGL target not found
Refreshing native plugins compatible for Editor in 104.49 ms, found 3 plugins.
Preloading 0 native plugins for Editor in 0.00 ms.
Mono: successfully reloaded assembly
- Completed reload, in  9.983 seconds
Domain Reload Profiling:
	ReloadAssembly (9983ms)
		BeginReloadAssembly (334ms)
			ExecutionOrderSort (0ms)
			DisableScriptedObjects (0ms)
			BackupInstance (0ms)
			ReleaseScriptingObjects (0ms)
			CreateAndSetChildDomain (2ms)
		EndReloadAssembly (1697ms)
			LoadAssemblies (360ms)
			RebuildTransferFunctionScriptingTraits (0ms)
			SetupTypeCache (570ms)
			ReleaseScriptCaches (0ms)
			RebuildScriptCaches (120ms)
			SetupLoadedEditorAssemblies (476ms)
				LogAssemblyErrors (0ms)
				InitializePlatformSupportModulesInManaged (11ms)
				SetLoadedEditorAssemblies (1ms)
				RefreshPlugins (105ms)
				BeforeProcessingInitializeOnLoad (20ms)
				ProcessInitializeOnLoadAttributes (251ms)
				ProcessInitializeOnLoadMethodAttributes (88ms)
				AfterProcessingInitializeOnLoad (0ms)
				EditorAssembliesLoaded (0ms)
			ExecutionOrderSort2 (0ms)
			AwakeInstancesAfterBackupRestoration (0ms)
Platform modules already initialized, skipping
Registering precompiled user dll's ...
Registered in 0.013680 seconds.
Begin MonoManager ReloadAssembly
Native extension for OSXStandalone target not found
Native extension for WebGL target not found
Refreshing native plugins compatible for Editor in 193.46 ms, found 3 plugins.
Preloading 0 native plugins for Editor in 0.00 ms.
Mono: successfully reloaded assembly
- Completed reload, in  6.791 seconds
Domain Reload Profiling:
	ReloadAssembly (6793ms)
		BeginReloadAssembly (388ms)
			ExecutionOrderSort (0ms)
			DisableScriptedObjects (11ms)
			BackupInstance (0ms)
			ReleaseScriptingObjects (0ms)
			CreateAndSetChildDomain (75ms)
		EndReloadAssembly (6141ms)
			LoadAssemblies (1062ms)
			RebuildTransferFunctionScriptingTraits (0ms)
			SetupTypeCache (1913ms)
			ReleaseScriptCaches (1ms)
			RebuildScriptCaches (283ms)
			SetupLoadedEditorAssemblies (2181ms)
				LogAssemblyErrors (0ms)
				InitializePlatformSupportModulesInManaged (24ms)
				SetLoadedEditorAssemblies (1ms)
				RefreshPlugins (194ms)
				BeforeProcessingInitializeOnLoad (326ms)
				ProcessInitializeOnLoadAttributes (1538ms)
				ProcessInitializeOnLoadMethodAttributes (92ms)
				AfterProcessingInitializeOnLoad (6ms)
				EditorAssembliesLoaded (1ms)
			ExecutionOrderSort2 (0ms)
			AwakeInstancesAfterBackupRestoration (27ms)
Platform modules already initialized, skipping
Validating Project structure ... 0.000974 seconds.
Shader import version has changed; will reimport all shaders...
Upgrading shader files ...0.000841 seconds.
Application.AssetDatabase Initial Script Refresh Start
RefreshInfo: InitialScriptRefreshV2(NoUpdateAssetOptions) scanfilter:  ... 1 filters
RefreshProfiler: Total: 0.000ms
Application.AssetDatabase Initial Script Refresh End
Application.AssetDatabase.Refresh Start
Application.AssetDatabase.Refresh End
RefreshInfo: StopAssetImportingV2(ForceSynchronousImport) scanfilter: 
RefreshProfiler: Total: 0.000ms
Launching external process: /Applications/Unity/Hub/Editor/2020.3.22f1/Unity.app/Contents/Tools/UnityShaderCompiler
Launched and connected shader compiler UnityShaderCompiler after 0.03 seconds
Initializing Unity extensions:
========================================================================
Worker process is ready to serve import requests
Refreshing native plugins compatible for Editor in 0.73 ms, found 3 plugins.
Preloading 0 native plugins for Editor in 0.00 ms.
Unloading 2183 Unused Serialized files (Serialized files now loaded: 0)
System memory in use before: 199.2 MB.
System memory in use after: 198.4 MB.

Unloading 101 unused Assets to reduce memory usage. Loaded Objects now: 2656.
Total: 27.253081 ms (FindLiveObjects: 0.780799 ms CreateObjectMapping: 0.440368 ms MarkObjects: 24.617678 ms  DeleteObjects: 1.408413 ms)

AssetImportParameters requested are different than current active one (requested -> active):
  custom:video-decoder-ogg-theora: a1e56fd34408186e4bbccfd4996cb3dc -> 
  custom:container-muxer-webm: aa71ff27fc2769a1b78a27578f13a17b -> 
  custom:container-demuxer-webm: 4f35f7cbe854078d1ac9338744f61a02 -> 
  custom:container-demuxer-ogg: 62fdf1f143b41e24485cea50d1cbac27 -> 
  custom:video-encoder-webm-vp8: eb34c28f22e8b96e1ab97ce403110664 -> 
  custom:framework-osx-AVFoundation: e770b220cccbd017edd2c1fefb359320 -> 
  custom:video-decoder-webm-vp8: 9c59270c3fd7afecdb556c50c9e8de78 -> 
  custom:audio-decoder-ogg-vorbis: bf7c407c2cedff20999df2af8eb42d56 -> 
  custom:audio-encoder-webm-vorbis: bf7c407c2cedff20999df2af8eb42d56 -> 
========================================================================
Received Import Request.
  path: Assets/Sprites
  artifactKey: Guid(8b6bd8691c9d14447a32cecf6ffb430e) Importer(815301076,1909f56bfc062723c751e8b465ee728b)
Start importing Assets/Sprites using Guid(8b6bd8691c9d14447a32cecf6ffb430e) Importer(815301076,1909f56bfc062723c751e8b465ee728b)  -> (artifact id: 'c96ff1334ca518c97e6ab64626a4d560') in 0.011833 seconds 
  Import took 0.030440 seconds .

========================================================================
Received Import Request.
  Time since last request: 196.091701 seconds.
  path: Assets/Sprites/previsualization.png
  artifactKey: Guid(1d36693f661c44c12a29074f8105679b) Importer(815301076,1909f56bfc062723c751e8b465ee728b)
Start importing Assets/Sprites/previsualization.png using Guid(1d36693f661c44c12a29074f8105679b) Importer(815301076,1909f56bfc062723c751e8b465ee728b)  -> (artifact id: '36e5b52be1980239591f0012c545df44') in 2.485442 seconds 
  Import took 2.497574 seconds .

========================================================================
Received Import Request.
  Time since last request: 141.757587 seconds.
  path: Assets/Sprites/previsualization.png
  artifactKey: Guid(1d36693f661c44c12a29074f8105679b) Importer(815301076,1909f56bfc062723c751e8b465ee728b)
Start importing Assets/Sprites/previsualization.png using Guid(1d36693f661c44c12a29074f8105679b) Importer(815301076,1909f56bfc062723c751e8b465ee728b)  -> (artifact id: '2ef5d5e6dd7a281fed2b42b839795fc9') in 0.072482 seconds 
  Import took 0.086258 seconds .

========================================================================
Received Import Request.
  Time since last request: 455.109433 seconds.
  path: Assets/Sprites/background.png
  artifactKey: Guid(4df71866f54ce478c8cb05a9e899bde9) Importer(815301076,1909f56bfc062723c751e8b465ee728b)
Start importing Assets/Sprites/background.png using Guid(4df71866f54ce478c8cb05a9e899bde9) Importer(815301076,1909f56bfc062723c751e8b465ee728b)  -> (artifact id: 'daef58360aa35a443c1e2e5dc342a995') in 0.154349 seconds 
  Import took 0.243304 seconds .

